Have HB1
Segment=Segment=1
Segment=1
Segment=1
Segment=1
Segment=1
Segment=1
Segment=1
Segment=1
Segment=1
Segment=1
Segment=1
Segment=1
Segment=1
Segment=1
Segment=1
Segment=1
Segment=1
Segment=1
Segment=1
1
Reading data with 6000 entries
Zatom=Zatom=Zatom=2 300  log(Zatom)=2 300  log(Zatom)=300.693
Zatom=2 300  log(Zatom)=300.693
Zatom=2 300 300.693
 log(Zatom)=300.693
2 Zatom=2300  log(Zatom)=300.693
 300Zatom=Zatom=  log(Zatom)=300.693
2 300  log(Zatom)=300.693
2 300Zatom=2 300  log(Zatom)=300.693
Zatom=Zatom=Zatom=2 300  log(Zatom)=300.693
Zatom=2 300  log(Zatom)=300.693
Zatom=22 300  log(Zatom)=300.693
Zatom= 300  log(Zatom)=300.693
2 300  log(Zatom)=300.693
Zatom=2 300  log(Zatom)=300.693
Zatom=2 300  log(Zatom)=300.693
2 300  log(Zatom)=300.693
Zatom=  log(Zatom)=Zatom=2 300 2 300  log(Zatom)=Zatom= log(Zatom)=300.693
2 300  log(Zatom)=300.693
300.693
300.693
Continuing with HB1 after 0 operators read!
