Have HB1
Segment=Segment=1
Segment=1
Segment=1
Segment=1
Segment=1
Segment=1
Segment=1
Segment=1
Segment=1
Segment=1
Segment=1
Segment=1
Segment=1
Segment=1
Segment=1
Segment=1
Segment=1
Segment=1
Segment=1
1
Reading data with 6000 entries
Zatom=Zatom=Zatom=Zatom=2 550  log(Zatom)=2 550  log(Zatom)=550.693
550.693
Zatom=2 Zatom=2 550  log(Zatom)=550.693
Zatom=2 550  log(Zatom)=550  log(Zatom)=550.693
Zatom=2 550  log(Zatom)=550.6932 550  log(Zatom)=550.693
550.693

2 550  log(Zatom)=Zatom=2550.693
Zatom= 2 550  log(Zatom)=550.693Zatom=
2 550  log(Zatom)=550.693
550 Zatom=2 550  log(Zatom)=550.693
Zatom=Zatom=Zatom=2 550  log(Zatom)=550.6932 550  log(Zatom)=550.693

2 550  log(Zatom)=550.693
Zatom= log(Zatom)=2 550  log(Zatom)=550.693
Zatom=2 550  log(Zatom)=550.693
Zatom=Zatom=2 550  log(Zatom)=550.693
2 550  log(Zatom)=550.693
550.693
Zatom=2 550  log(Zatom)=550.693
Continuing with HB1 after 0 operators read!
