Have HB1
Segment=Segment=1
Segment=1
Segment=1
Segment=1
Segment=1
Segment=1
Segment=1
Segment=1
Segment=1
1Segment=1
Segment=1
Segment=1
Segment=1
Segment=1
Segment=1
Segment=1
Segment=1
Segment=1

Segment=1
Reading data with 6000 entries
Zatom=Zatom=Zatom=2 400  log(Zatom)=400.693
2 400  log(Zatom)=400.693
Zatom=Zatom=2 400  log(Zatom)=400.693
Zatom=2 400  log(Zatom)=400.693
2 400  log(Zatom)=400.693
2 Zatom=Zatom=2 400  log(Zatom)=400.693
2 400  log(Zatom)=400.693
Zatom=400  log(Zatom)=400.693
Zatom=2 400  log(Zatom)=400.693
Zatom=2 400 2 400  log(Zatom)=400.693
Zatom= log(Zatom)=400.693
2 Zatom=400  log(Zatom)=400.693
2Zatom=2 400  log(Zatom)=Zatom=2 400  log(Zatom)=400.693
Zatom=2 400  log(Zatom)=400.693
400.693
 Zatom=2 400  log(Zatom)=400.693
400Zatom=2 400  log(Zatom)=400.693
  log(Zatom)=400.693
Zatom=2 400  log(Zatom)=400.693
Zatom=2 400  log(Zatom)=400.693
Continuing with HB1 after 0 operators read!
