Have HB1
Segment=Segment=1
Segment=1
Segment=1
Segment=1
Segment=1
Segment=1
Segment=1
Segment=1
Segment=1
Segment=1
Segment=1
Segment=1
Segment=1
Segment=1
Segment=1
Segment=1
Segment=1
Segment=1
Segment=1
1
Reading data with 6000 entries
Zatom=2Zatom=2 300  log(Zatom)=300.693
Zatom=2 300  log(Zatom)=300.693
 300Zatom=Zatom=2 300  log(Zatom)=2 300  log(Zatom)=300.693 300.693

 log(Zatom)=Zatom=Zatom=Zatom=2 300  log(Zatom)=300.693
2 300  log(Zatom)=300.693
Zatom=2 300  log(Zatom)=300.693
2 300  log(Zatom)=300.693
Zatom=2 300  log(Zatom)=300.693
300.693Zatom=
Zatom=2 300  log(Zatom)=Zatom=300.693
2 300  log(Zatom)=300.693
Zatom=Zatom=2 300  log(Zatom)=300.693
2 300  log(Zatom)=300.693
Zatom=2 Zatom=300  log(Zatom)=300.693
Zatom=2 300  log(Zatom)=300.693
2 300  log(Zatom)=300.693
2 300 Zatom=2 300  log(Zatom)=300.693
 log(Zatom)=300.693
Zatom=2 300  log(Zatom)=300.693
Continuing with HB1 after 0 operators read!
