Have HB1
Segment=1
Segment=1
Segment=1
Segment=1
Segment=1
Segment=1
Segment=1
Segment=1
Segment=1
Segment=1
Segment=1
Segment=1
Segment=1
Segment=1
Segment=1
Segment=1
Segment=1
Segment=1
Segment=1
Segment=1
Reading data with 6000 entries
Zatom=Zatom=2 600  log(Zatom)=600.693
2 Zatom=600Zatom=2 600  log(Zatom)=600.693
2 600  log(Zatom)=600.693
Zatom=  log(Zatom)=600.693
Zatom=Zatom=2 600  log(Zatom)=600.693
2 600  log(Zatom)=600.693
Zatom=Zatom=2 600  log(Zatom)=600.693
2 600  log(Zatom)=600.693
Zatom=2 600  log(Zatom)=600.693
2 600  log(Zatom)=600.693
Zatom=2Zatom=2Zatom=2  600  log(Zatom)=600.693
600  log(Zatom)=600.693
Zatom=2 600  log(Zatom)=600.693
 Zatom=600Zatom=2 600  log(Zatom)=600.693
2 600  log(Zatom)=600.693
Zatom=2 600  log(Zatom)=600.693
Zatom=2 600  log(Zatom)=600.693
Zatom=2 600  log(Zatom)=600.693
  log(Zatom)=600.693
Zatom=2 600  log(Zatom)=600.693
Continuing with HB1 after 0 operators read!
